
> amazon-clone-2.0-next.js@1.0.0 dev
> next dev

ready - started server on 0.0.0.0:3000, url: http://localhost:3000
[36minfo[39m  - Loaded env from /home/ajay/Amazon-Clone-2.0-NEXT.JS/.env.local
[33mwarn[39m  - [1mYou have enabled experimental feature (appDir) in next.config.js.[22m
[33mwarn[39m  - Experimental features are not covered by semver, and may cause unexpected or broken application behavior. Use at your own risk.

[36minfo[39m  - Thank you for testing `appDir` please leave your feedback at https://nextjs.link/app-feedback
[35mevent[39m - compiled client and server successfully in 3.6s (336 modules)
[36mwait[39m  - compiling...
[35mevent[39m - compiled client and server successfully in 861 ms (336 modules)
[36mwait[39m  - compiling /_error (client and server)...
[35mevent[39m - compiled client and server successfully in 204 ms (337 modules)
[33mwarn[39m  - Fast Refresh had to perform a full reload. Read more: https://nextjs.org/docs/messages/fast-refresh-reload
[36mwait[39m  - compiling / (client and server)...
[35mevent[39m - compiled client and server successfully in 1136 ms (856 modules)
[33mwarn[39m  - Fast Refresh had to perform a full reload. Read more: https://nextjs.org/docs/messages/fast-refresh-reload
Warning: Use the `defaultValue` or `value` props on <select> instead of setting `selected` on <option>.
    at option
    at select
    at div
    at div
    at header
    at Header
    at div
    at Home (webpack-internal:///./src/pages/index.js:18:17)
    at Provider (/home/ajay/Amazon-Clone-2.0-NEXT.JS/node_modules/react-redux/lib/components/Provider.js:19:3)
    at MyApp (webpack-internal:///./src/pages/_app.js:16:18)
    at StyleRegistry (/home/ajay/Amazon-Clone-2.0-NEXT.JS/node_modules/styled-jsx/dist/index/index.js:449:36)
    at PathnameContextProviderAdapter (/home/ajay/Amazon-Clone-2.0-NEXT.JS/node_modules/next/dist/shared/lib/router/adapters.js:60:11)
    at AppContainer (/home/ajay/Amazon-Clone-2.0-NEXT.JS/node_modules/next/dist/server/render.js:319:29)
    at AppContainerWithIsomorphicFiberStructure (/home/ajay/Amazon-Clone-2.0-NEXT.JS/node_modules/next/dist/server/render.js:355:57)
    at div
    at Body (/home/ajay/Amazon-Clone-2.0-NEXT.JS/node_modules/next/dist/server/render.js:652:21)
Warning: Each child in a list should have a unique "key" prop.

Check the top-level render call using <div>. See https://reactjs.org/link/warning-keys for more information.
    at StarIcon
    at Product (webpack-internal:///./src/components/Product.js:19:20)
    at div
    at ProductFeed (webpack-internal:///./src/components/ProductFeed.js:10:24)
    at main
    at div
    at Home (webpack-internal:///./src/pages/index.js:18:17)
    at Provider (/home/ajay/Amazon-Clone-2.0-NEXT.JS/node_modules/react-redux/lib/components/Provider.js:19:3)
    at MyApp (webpack-internal:///./src/pages/_app.js:16:18)
    at StyleRegistry (/home/ajay/Amazon-Clone-2.0-NEXT.JS/node_modules/styled-jsx/dist/index/index.js:449:36)
    at PathnameContextProviderAdapter (/home/ajay/Amazon-Clone-2.0-NEXT.JS/node_modules/next/dist/shared/lib/router/adapters.js:60:11)
    at AppContainer (/home/ajay/Amazon-Clone-2.0-NEXT.JS/node_modules/next/dist/server/render.js:319:29)
    at AppContainerWithIsomorphicFiberStructure (/home/ajay/Amazon-Clone-2.0-NEXT.JS/node_modules/next/dist/server/render.js:355:57)
    at div
    at Body (/home/ajay/Amazon-Clone-2.0-NEXT.JS/node_modules/next/dist/server/render.js:652:21)
Warning: Invalid DOM property `class`. Did you mean `className`?
    at button
    at div
    at Product (webpack-internal:///./src/components/Product.js:19:20)
    at div
    at ProductFeed (webpack-internal:///./src/components/ProductFeed.js:10:24)
    at main
    at div
    at Home (webpack-internal:///./src/pages/index.js:18:17)
    at Provider (/home/ajay/Amazon-Clone-2.0-NEXT.JS/node_modules/react-redux/lib/components/Provider.js:19:3)
    at MyApp (webpack-internal:///./src/pages/_app.js:16:18)
    at StyleRegistry (/home/ajay/Amazon-Clone-2.0-NEXT.JS/node_modules/styled-jsx/dist/index/index.js:449:36)
    at PathnameContextProviderAdapter (/home/ajay/Amazon-Clone-2.0-NEXT.JS/node_modules/next/dist/shared/lib/router/adapters.js:60:11)
    at AppContainer (/home/ajay/Amazon-Clone-2.0-NEXT.JS/node_modules/next/dist/server/render.js:319:29)
    at AppContainerWithIsomorphicFiberStructure (/home/ajay/Amazon-Clone-2.0-NEXT.JS/node_modules/next/dist/server/render.js:355:57)
    at div
    at Body (/home/ajay/Amazon-Clone-2.0-NEXT.JS/node_modules/next/dist/server/render.js:652:21)
[36mwait[39m  - compiling...
[35mevent[39m - compiled client and server successfully in 484 ms (337 modules)
[36mwait[39m  - compiling...
[35mevent[39m - compiled successfully in 388 ms (302 modules)
[36mwait[39m  - compiling...
[35mevent[39m - compiled successfully in 338 ms (302 modules)
[36mwait[39m  - compiling...
[35mevent[39m - compiled successfully in 290 ms (302 modules)
[36mwait[39m  - compiling...
[35mevent[39m - compiled successfully in 257 ms (302 modules)
[36mwait[39m  - compiling...
[35mevent[39m - compiled successfully in 227 ms (302 modules)
[36mwait[39m  - compiling...
[35mevent[39m - compiled successfully in 201 ms (302 modules)
[36mwait[39m  - compiling...
[35mevent[39m - compiled successfully in 115 ms (302 modules)
[36mwait[39m  - compiling...
[35mevent[39m - compiled successfully in 102 ms (302 modules)
[36mwait[39m  - compiling...
[35mevent[39m - compiled successfully in 91 ms (302 modules)
[36mwait[39m  - compiling...
[35mevent[39m - compiled successfully in 116 ms (302 modules)
[36minfo[39m  - Loaded env from /home/ajay/Amazon-Clone-2.0-NEXT.JS/.env.local
[36mwait[39m  - compiling...
[35mevent[39m - compiled client and server successfully in 107 ms (337 modules)
[36minfo[39m  - Loaded env from /home/ajay/Amazon-Clone-2.0-NEXT.JS/.env.local
[36mwait[39m  - compiling...
[35mevent[39m - compiled client and server successfully in 86 ms (337 modules)
[36minfo[39m  - Loaded env from /home/ajay/Amazon-Clone-2.0-NEXT.JS/.env.local
[36mwait[39m  - compiling...
[35mevent[39m - compiled client and server successfully in 75 ms (337 modules)
[36minfo[39m  - Loaded env from /home/ajay/Amazon-Clone-2.0-NEXT.JS/.env.local
[36mwait[39m  - compiling...
[35mevent[39m - compiled client and server successfully in 57 ms (337 modules)
[36minfo[39m  - Loaded env from /home/ajay/Amazon-Clone-2.0-NEXT.JS/.env.local
[36mwait[39m  - compiling...
[35mevent[39m - compiled client and server successfully in 73 ms (337 modules)
[36minfo[39m  - Loaded env from /home/ajay/Amazon-Clone-2.0-NEXT.JS/.env.local
[36mwait[39m  - compiling...
[35mevent[39m - compiled client and server successfully in 85 ms (337 modules)
[36minfo[39m  - Loaded env from /home/ajay/Amazon-Clone-2.0-NEXT.JS/.env.local
[36mwait[39m  - compiling...
[35mevent[39m - compiled client and server successfully in 64 ms (337 modules)
[36minfo[39m  - Loaded env from /home/ajay/Amazon-Clone-2.0-NEXT.JS/.env.local
[36mwait[39m  - compiling...
[35mevent[39m - compiled client and server successfully in 81 ms (337 modules)
[36minfo[39m  - Loaded env from /home/ajay/Amazon-Clone-2.0-NEXT.JS/.env.local
[36mwait[39m  - compiling...
[35mevent[39m - compiled client and server successfully in 81 ms (337 modules)
[36minfo[39m  - Loaded env from /home/ajay/Amazon-Clone-2.0-NEXT.JS/.env.local
[36mwait[39m  - compiling...
[35mevent[39m - compiled client and server successfully in 106 ms (337 modules)
[36mwait[39m  - compiling...
[35mevent[39m - compiled successfully in 222 ms (302 modules)
[36mwait[39m  - compiling...
[35mevent[39m - compiled successfully in 132 ms (302 modules)
[36mwait[39m  - compiling...
[35mevent[39m - compiled successfully in 109 ms (302 modules)
[36mwait[39m  - compiling...
[35mevent[39m - compiled successfully in 95 ms (302 modules)
[36mwait[39m  - compiling...
[35mevent[39m - compiled successfully in 99 ms (302 modules)
[36mwait[39m  - compiling...
[35mevent[39m - compiled successfully in 132 ms (302 modules)
[36mwait[39m  - compiling...
[35mevent[39m - compiled successfully in 134 ms (302 modules)
[36mwait[39m  - compiling...
[35mevent[39m - compiled successfully in 139 ms (302 modules)
[36mwait[39m  - compiling...
[35mevent[39m - compiled client and server successfully in 74 ms (337 modules)
[36mwait[39m  - compiling...
[35mevent[39m - compiled client and server successfully in 188 ms (337 modules)
<w> [webpack.cache.PackFileCacheStrategy] Caching failed for pack: Error: ENOENT: no such file or directory, rename '/home/ajay/Amazon-Clone-2.0-NEXT.JS/.next/cache/webpack/client-development/8.pack_' -> '/home/ajay/Amazon-Clone-2.0-NEXT.JS/.next/cache/webpack/client-development/8.pack'
[36mwait[39m  - compiling...
[35mevent[39m - compiled successfully in 178 ms (302 modules)
[36mwait[39m  - compiling...
[35mevent[39m - compiled successfully in 176 ms (302 modules)
[36mwait[39m  - compiling...
[35mevent[39m - compiled successfully in 115 ms (302 modules)
[36mwait[39m  - compiling...
[35mevent[39m - compiled successfully in 114 ms (302 modules)
[36mwait[39m  - compiling...
[35mevent[39m - compiled successfully in 97 ms (302 modules)
[36mwait[39m  - compiling...
[35mevent[39m - compiled successfully in 118 ms (302 modules)
[36mwait[39m  - compiling...
[35mevent[39m - compiled successfully in 95 ms (302 modules)
[36mwait[39m  - compiling...
[35mevent[39m - compiled successfully in 89 ms (302 modules)
[36mwait[39m  - compiling...
[35mevent[39m - compiled successfully in 136 ms (302 modules)
[36mwait[39m  - compiling...
[35mevent[39m - compiled successfully in 132 ms (302 modules)
[36mwait[39m  - compiling...
[35mevent[39m - compiled successfully in 107 ms (302 modules)
[36mwait[39m  - compiling...
[35mevent[39m - compiled successfully in 92 ms (302 modules)
[36mwait[39m  - compiling...
[35mevent[39m - compiled successfully in 129 ms (302 modules)
[36mwait[39m  - compiling...
[35mevent[39m - compiled successfully in 143 ms (302 modules)
[36mwait[39m  - compiling...
[35mevent[39m - compiled successfully in 122 ms (302 modules)
[36mwait[39m  - compiling...
[35mevent[39m - compiled successfully in 151 ms (302 modules)
[36mwait[39m  - compiling...
[35mevent[39m - compiled successfully in 99 ms (302 modules)
[36mwait[39m  - compiling...
[35mevent[39m - compiled successfully in 139 ms (302 modules)
[36mwait[39m  - compiling...
[35mevent[39m - compiled successfully in 100 ms (302 modules)
[36mwait[39m  - compiling...
[35mevent[39m - compiled successfully in 112 ms (302 modules)
[36mwait[39m  - compiling...
[35mevent[39m - compiled successfully in 99 ms (302 modules)
[36mwait[39m  - compiling...
[35mevent[39m - compiled successfully in 128 ms (302 modules)
[36mwait[39m  - compiling...
[35mevent[39m - compiled successfully in 182 ms (302 modules)
[36mwait[39m  - compiling...
[35mevent[39m - compiled successfully in 199 ms (302 modules)
[36mwait[39m  - compiling...
[35mevent[39m - compiled successfully in 117 ms (302 modules)
[36mwait[39m  - compiling...
[35mevent[39m - compiled successfully in 125 ms (302 modules)
[36mwait[39m  - compiling...
[35mevent[39m - compiled successfully in 99 ms (302 modules)
[36mwait[39m  - compiling...
[35mevent[39m - compiled successfully in 113 ms (302 modules)
[36mwait[39m  - compiling...
[35mevent[39m - compiled successfully in 110 ms (302 modules)
[36mwait[39m  - compiling...
[35mevent[39m - compiled successfully in 120 ms (302 modules)
[36mwait[39m  - compiling...
[35mevent[39m - compiled successfully in 156 ms (302 modules)
[36mwait[39m  - compiling...
[35mevent[39m - compiled successfully in 133 ms (302 modules)
[36mwait[39m  - compiling...
[35mevent[39m - compiled successfully in 114 ms (302 modules)
[36mwait[39m  - compiling...
[35mevent[39m - compiled successfully in 139 ms (302 modules)
[36mwait[39m  - compiling...
[35mevent[39m - compiled successfully in 104 ms (302 modules)
[36mwait[39m  - compiling...
[35mevent[39m - compiled successfully in 110 ms (302 modules)
[36mwait[39m  - compiling...
[35mevent[39m - compiled successfully in 103 ms (302 modules)
[36mwait[39m  - compiling...
[35mevent[39m - compiled successfully in 95 ms (302 modules)
[36mwait[39m  - compiling...
[35mevent[39m - compiled successfully in 113 ms (302 modules)
[36mwait[39m  - compiling...
[35mevent[39m - compiled successfully in 159 ms (302 modules)
[36mwait[39m  - compiling...
[35mevent[39m - compiled successfully in 113 ms (302 modules)
[36mwait[39m  - compiling...
[35mevent[39m - compiled successfully in 140 ms (302 modules)
[36mwait[39m  - compiling...
[35mevent[39m - compiled successfully in 273 ms (302 modules)
[36mwait[39m  - compiling...
[35mevent[39m - compiled successfully in 130 ms (302 modules)
[36mwait[39m  - compiling...
[35mevent[39m - compiled successfully in 99 ms (302 modules)
[36mwait[39m  - compiling...
[35mevent[39m - compiled successfully in 86 ms (302 modules)
[36mwait[39m  - compiling...
[35mevent[39m - compiled successfully in 127 ms (302 modules)
[36mwait[39m  - compiling...
[35mevent[39m - compiled successfully in 105 ms (302 modules)
[36mwait[39m  - compiling...
[35mevent[39m - compiled successfully in 91 ms (302 modules)
[36mwait[39m  - compiling...
[35mevent[39m - compiled successfully in 108 ms (302 modules)
[36mwait[39m  - compiling...
[35mevent[39m - compiled successfully in 79 ms (302 modules)
[36mwait[39m  - compiling...
[35mevent[39m - compiled successfully in 84 ms (302 modules)
<w> [webpack.cache.PackFileCacheStrategy] Restoring pack from /home/ajay/Amazon-Clone-2.0-NEXT.JS/.next/cache/webpack/client-development.pack failed: TypeError: Cannot read properties of undefined (reading 'hasStartTime')
[36mwait[39m  - compiling...
[35mevent[39m - compiled successfully in 94 ms (302 modules)
[36mwait[39m  - compiling...
[35mevent[39m - compiled successfully in 98 ms (302 modules)
[36mwait[39m  - compiling...
[35mevent[39m - compiled successfully in 117 ms (302 modules)
[36mwait[39m  - compiling...
[35mevent[39m - compiled successfully in 104 ms (302 modules)
[36mwait[39m  - compiling...
[35mevent[39m - compiled successfully in 100 ms (302 modules)
[36mwait[39m  - compiling...
[35mevent[39m - compiled successfully in 88 ms (302 modules)
[36mwait[39m  - compiling...
[35mevent[39m - compiled successfully in 101 ms (302 modules)
<w> [webpack.cache.PackFileCacheStrategy] Restoring pack from /home/ajay/Amazon-Clone-2.0-NEXT.JS/.next/cache/webpack/client-development.pack failed: TypeError: Cannot read properties of undefined (reading 'hasStartTime')
[36mwait[39m  - compiling...
[35mevent[39m - compiled successfully in 143 ms (302 modules)
<w> [webpack.cache.PackFileCacheStrategy] Caching failed for pack: Error: ENOENT: no such file or directory, rename '/home/ajay/Amazon-Clone-2.0-NEXT.JS/.next/cache/webpack/client-development/1.pack_' -> '/home/ajay/Amazon-Clone-2.0-NEXT.JS/.next/cache/webpack/client-development/1.pack'
[36mwait[39m  - compiling...
[35mevent[39m - compiled successfully in 159 ms (302 modules)
[36mwait[39m  - compiling...
[35mevent[39m - compiled successfully in 192 ms (302 modules)
[36mwait[39m  - compiling...
[35mevent[39m - compiled successfully in 110 ms (302 modules)
[36mwait[39m  - compiling...
[35mevent[39m - compiled successfully in 127 ms (302 modules)
[36mwait[39m  - compiling /api/auth/[...nextauth] (client and server)...
[35mevent[39m - compiled successfully in 94 ms (47 modules)
[next-auth][warn][NO_SECRET] 
https://next-auth.js.org/warnings#no_secret
[next-auth][error][SIGNIN_OAUTH_ERROR] 
https://next-auth.js.org/errors#signin_oauth_error client_id is required {
  error: {
    message: [32m'client_id is required'[39m,
    stack: [32m'TypeError: client_id is required\n'[39m +
      [32m'    at new BaseClient (/home/ajay/Amazon-Clone-2.0-NEXT.JS/node_modules/openid-client/lib/client.js:178:13)\n'[39m +
      [32m'    at new Client (/home/ajay/Amazon-Clone-2.0-NEXT.JS/node_modules/openid-client/lib/client.js:1772:7)\n'[39m +
      [32m'    at openidClient (/home/ajay/Amazon-Clone-2.0-NEXT.JS/node_modules/next-auth/core/lib/oauth/client.js:29:18)\n'[39m +
      [32m'    at getAuthorizationUrl (/home/ajay/Amazon-Clone-2.0-NEXT.JS/node_modules/next-auth/core/lib/oauth/authorization-url.js:70:49)\n'[39m +
      [32m'    at Object.signin (/home/ajay/Amazon-Clone-2.0-NEXT.JS/node_modules/next-auth/core/routes/signin.js:38:60)\n'[39m +
      [32m'    at AuthHandler (/home/ajay/Amazon-Clone-2.0-NEXT.JS/node_modules/next-auth/core/index.js:260:39)\n'[39m +
      [32m'    at process.processTicksAndRejections (node:internal/process/task_queues:95:5)\n'[39m +
      [32m'    at async NextAuthApiHandler (/home/ajay/Amazon-Clone-2.0-NEXT.JS/node_modules/next-auth/next/index.js:22:19)\n'[39m +
      [32m'    at async NextAuth._args$ (/home/ajay/Amazon-Clone-2.0-NEXT.JS/node_modules/next-auth/next/index.js:107:14)'[39m,
    name: [32m'TypeError'[39m
  },
  providerId: [32m'github'[39m,
  message: [32m'client_id is required'[39m
}
[next-auth][error][SIGNIN_OAUTH_ERROR] 
https://next-auth.js.org/errors#signin_oauth_error client_id is required {
  error: {
    message: [32m'client_id is required'[39m,
    stack: [32m'TypeError: client_id is required\n'[39m +
      [32m'    at new BaseClient (/home/ajay/Amazon-Clone-2.0-NEXT.JS/node_modules/openid-client/lib/client.js:178:13)\n'[39m +
      [32m'    at new Client (/home/ajay/Amazon-Clone-2.0-NEXT.JS/node_modules/openid-client/lib/client.js:1772:7)\n'[39m +
      [32m'    at openidClient (/home/ajay/Amazon-Clone-2.0-NEXT.JS/node_modules/next-auth/core/lib/oauth/client.js:29:18)\n'[39m +
      [32m'    at getAuthorizationUrl (/home/ajay/Amazon-Clone-2.0-NEXT.JS/node_modules/next-auth/core/lib/oauth/authorization-url.js:70:49)\n'[39m +
      [32m'    at Object.signin (/home/ajay/Amazon-Clone-2.0-NEXT.JS/node_modules/next-auth/core/routes/signin.js:38:60)\n'[39m +
      [32m'    at AuthHandler (/home/ajay/Amazon-Clone-2.0-NEXT.JS/node_modules/next-auth/core/index.js:260:39)\n'[39m +
      [32m'    at process.processTicksAndRejections (node:internal/process/task_queues:95:5)\n'[39m +
      [32m'    at async NextAuthApiHandler (/home/ajay/Amazon-Clone-2.0-NEXT.JS/node_modules/next-auth/next/index.js:22:19)\n'[39m +
      [32m'    at async NextAuth._args$ (/home/ajay/Amazon-Clone-2.0-NEXT.JS/node_modules/next-auth/next/index.js:107:14)'[39m,
    name: [32m'TypeError'[39m
  },
  providerId: [32m'github'[39m,
  message: [32m'client_id is required'[39m
}
[next-auth][error][SIGNIN_OAUTH_ERROR] 
https://next-auth.js.org/errors#signin_oauth_error client_id is required {
  error: {
    message: [32m'client_id is required'[39m,
    stack: [32m'TypeError: client_id is required\n'[39m +
      [32m'    at new BaseClient (/home/ajay/Amazon-Clone-2.0-NEXT.JS/node_modules/openid-client/lib/client.js:178:13)\n'[39m +
      [32m'    at new Client (/home/ajay/Amazon-Clone-2.0-NEXT.JS/node_modules/openid-client/lib/client.js:1772:7)\n'[39m +
      [32m'    at openidClient (/home/ajay/Amazon-Clone-2.0-NEXT.JS/node_modules/next-auth/core/lib/oauth/client.js:29:18)\n'[39m +
      [32m'    at getAuthorizationUrl (/home/ajay/Amazon-Clone-2.0-NEXT.JS/node_modules/next-auth/core/lib/oauth/authorization-url.js:70:49)\n'[39m +
      [32m'    at Object.signin (/home/ajay/Amazon-Clone-2.0-NEXT.JS/node_modules/next-auth/core/routes/signin.js:38:60)\n'[39m +
      [32m'    at AuthHandler (/home/ajay/Amazon-Clone-2.0-NEXT.JS/node_modules/next-auth/core/index.js:260:39)\n'[39m +
      [32m'    at process.processTicksAndRejections (node:internal/process/task_queues:95:5)\n'[39m +
      [32m'    at async NextAuthApiHandler (/home/ajay/Amazon-Clone-2.0-NEXT.JS/node_modules/next-auth/next/index.js:22:19)\n'[39m +
      [32m'    at async NextAuth._args$ (/home/ajay/Amazon-Clone-2.0-NEXT.JS/node_modules/next-auth/next/index.js:107:14)'[39m,
    name: [32m'TypeError'[39m
  },
  providerId: [32m'github'[39m,
  message: [32m'client_id is required'[39m
}
[36minfo[39m  - Loaded env from /home/ajay/Amazon-Clone-2.0-NEXT.JS/.env.local
[36mwait[39m  - compiling...
[35mevent[39m - compiled client and server successfully in 80 ms (337 modules)
[36minfo[39m  - Loaded env from /home/ajay/Amazon-Clone-2.0-NEXT.JS/.env.local
[36mwait[39m  - compiling...
[35mevent[39m - compiled client and server successfully in 82 ms (337 modules)
[36minfo[39m  - Loaded env from /home/ajay/Amazon-Clone-2.0-NEXT.JS/.env.local
[36mwait[39m  - compiling...
[35mevent[39m - compiled client and server successfully in 59 ms (337 modules)
[36minfo[39m  - Loaded env from /home/ajay/Amazon-Clone-2.0-NEXT.JS/.env.local
[36mwait[39m  - compiling...
[35mevent[39m - compiled client and server successfully in 57 ms (337 modules)
[36minfo[39m  - Loaded env from /home/ajay/Amazon-Clone-2.0-NEXT.JS/.env.local
[36mwait[39m  - compiling...
[35mevent[39m - compiled client and server successfully in 58 ms (337 modules)
[36minfo[39m  - Loaded env from /home/ajay/Amazon-Clone-2.0-NEXT.JS/.env.local
[36mwait[39m  - compiling...
[35mevent[39m - compiled client and server successfully in 66 ms (337 modules)
[36minfo[39m  - Loaded env from /home/ajay/Amazon-Clone-2.0-NEXT.JS/.env.local
[36mwait[39m  - compiling...
[35mevent[39m - compiled client and server successfully in 57 ms (337 modules)
[36minfo[39m  - Loaded env from /home/ajay/Amazon-Clone-2.0-NEXT.JS/.env.local
[36mwait[39m  - compiling...
[35mevent[39m - compiled client and server successfully in 69 ms (337 modules)
[36minfo[39m  - Loaded env from /home/ajay/Amazon-Clone-2.0-NEXT.JS/.env.local
[36mwait[39m  - compiling...
[35mevent[39m - compiled client and server successfully in 59 ms (337 modules)
[36minfo[39m  - Loaded env from /home/ajay/Amazon-Clone-2.0-NEXT.JS/.env.local
[36mwait[39m  - compiling...
[35mevent[39m - compiled client and server successfully in 68 ms (337 modules)
[36minfo[39m  - Loaded env from /home/ajay/Amazon-Clone-2.0-NEXT.JS/.env.local
[36mwait[39m  - compiling...
[35mevent[39m - compiled client and server successfully in 59 ms (337 modules)
[36minfo[39m  - Loaded env from /home/ajay/Amazon-Clone-2.0-NEXT.JS/.env.local
[36mwait[39m  - compiling...
[35mevent[39m - compiled client and server successfully in 53 ms (337 modules)
[36mwait[39m  - compiling...
[35mevent[39m - compiled client and server successfully in 63 ms (337 modules)
[36mwait[39m  - compiling...
[35mevent[39m - compiled client and server successfully in 59 ms (337 modules)
[36mwait[39m  - compiling /api/auth/[...nextauth] (client and server)...
<w> [webpack.cache.PackFileCacheStrategy] Restoring pack from /home/ajay/Amazon-Clone-2.0-NEXT.JS/.next/cache/webpack/server-development.pack failed: TypeError: Cannot read properties of undefined (reading 'hasStartTime')
[35mevent[39m - compiled successfully in 43 ms (47 modules)
[36mwait[39m  - compiling / (client and server)...
<w> [webpack.cache.PackFileCacheStrategy] Restoring pack from /home/ajay/Amazon-Clone-2.0-NEXT.JS/.next/cache/webpack/client-development.pack failed: TypeError: Cannot read properties of undefined (reading 'hasStartTime')
[35mevent[39m - compiled client and server successfully in 1212 ms (902 modules)
